This is pdfTeX, Version 3.141592653-2.6-1.40.28 (MiKTeX 25.12) (preloaded format=pdflatex 2026.3.21)  22 MAR 2026 12:52
entering extended mode
 restricted \write18 enabled.
 %&-line parsing enabled.
**./section3.tex
(section3.tex
LaTeX2e <2025-11-01>
L3 programming layer <2025-12-24>
! Undefined control sequence.
l.1 \section
            {PhĂąn tĂ­ch váș„n Äá»}
The control sequence at the end of the top line
of your error message was never \def'ed. If you have
misspelled it (e.g., `\hobx'), type `I' and the correct
spelling (e.g., `I\hbox'). Otherwise just continue,
and I'll forget about whatever was undefined.


! LaTeX Error: Missing \begin{document}.

See the LaTeX manual or LaTeX Companion for explanation.
Type  H <return>  for immediate help.
 ...                                              
                                                  
l.1 \section{P
              hĂąn tĂ­ch váș„n Äá»}
You're in trouble here.  Try typing  <return>  to proceed.
If that doesn't work, type  X <return>  to quit.

Missing character: There is no P in font nullfont!
Missing character: There is no h in font nullfont!
LaTeX Font Info:    Trying to load font information for +cmr on input line 1.
LaTeX Font Info:    No file cmr.fd. on input line 1.

LaTeX Font Warning: Font shape `/cmr/m/n' undefined
(Font)              using `/cmr/m/n' instead on input line 1.

! Corrupted NFSS tables.
wrong@fontshape ...message {Corrupted NFSS tables}
                                                  error@fontshape else let f...
l.1 \section{PhĂą
                 n tĂ­ch váș„n Äá»}
This error message was generated by an \errmessage
command, so I can't give any explicit help.
Pretend that you're Hercule Poirot: Examine all clues,
and deduce the truth by order and method.


LaTeX Font Warning: Font shape `/cmr/m/n' undefined
(Font)              using `OT1/cmr/m/n' instead on input line 1.

Missing character: There is no n in font nullfont!
Missing character: There is no t in font nullfont!
Missing character: There is no c in font nullfont!
Missing character: There is no h in font nullfont!
Missing character: There is no v in font nullfont!

! LaTeX Error: Unicode character áș„ (U+1EA5)
               not set up for use with LaTeX.

See the LaTeX manual or LaTeX Companion for explanation.
Type  H <return>  for immediate help.
 ...                                              
                                                  
l.1 \section{PhĂąn tĂ­ch váș„
                             n Äá»}
You may provide a definition with
\DeclareUnicodeCharacter 

Missing character: There is no n in font nullfont!

! LaTeX Error: Command \dj unavailable in encoding .

See the LaTeX manual or LaTeX Companion for explanation.
Type  H <return>  for immediate help.
 ...                                              
                                                  
l.1 \section{PhĂąn tĂ­ch váș„n Ä
                                 á»}
Your command was ignored.
Type  I <command> <return>  to replace it with another command,
or  <return>  to continue without it.


! LaTeX Error: Unicode character á» (U+1EC1)
               not set up for use with LaTeX.

See the LaTeX manual or LaTeX Companion for explanation.
Type  H <return>  for immediate help.
 ...                                              
                                                  
l.1 \section{PhĂąn tĂ­ch váș„n Äá»
                                    }
You may provide a definition with
\DeclareUnicodeCharacter 

! Undefined control sequence.
l.2 \subsection
               {Problem Statement}
The control sequence at the end of the top line
of your error message was never \def'ed. If you have
misspelled it (e.g., `\hobx'), type `I' and the correct
spelling (e.g., `I\hbox'). Otherwise just continue,
and I'll forget about whatever was undefined.

Missing character: There is no P in font nullfont!
Missing character: There is no r in font nullfont!
Missing character: There is no o in font nullfont!
Missing character: There is no b in font nullfont!
Missing character: There is no l in font nullfont!
Missing character: There is no e in font nullfont!
Missing character: There is no m in font nullfont!
Missing character: There is no S in font nullfont!
Missing character: There is no t in font nullfont!
Missing character: There is no a in font nullfont!
Missing character: There is no t in font nullfont!
Missing character: There is no e in font nullfont!
Missing character: There is no m in font nullfont!
Missing character: There is no e in font nullfont!
Missing character: There is no n in font nullfont!
Missing character: There is no t in font nullfont!
Missing character: There is no H in font nullfont!

! LaTeX Error: Unicode character á» (U+1ECD)
               not set up for use with LaTeX.

See the LaTeX manual or LaTeX Companion for explanation.
Type  H <return>  for immediate help.
 ...                                              
                                                  
l.3 Há»
        c sinh/ sinh viĂȘn máș„t Äi Äá»ng lá»±c khi Äá»i máș·t vá»i vi...

You may provide a definition with
\DeclareUnicodeCharacter 

Missing character: There is no c in font nullfont!
Missing character: There is no s in font nullfont!
Missing character: There is no i in font nullfont!
Missing character: There is no n in font nullfont!
Missing character: There is no h in font nullfont!
Missing character: There is no / in font nullfont!
Missing character: There is no s in font nullfont!
Missing character: There is no i in font nullfont!
Missing character: There is no n in font nullfont!
Missing character: There is no h in font nullfont!
Missing character: There is no v in font nullfont!
Missing character: There is no i in font nullfont!
Missing character: There is no n in font nullfont!
Missing character: There is no m in font nullfont!

! LaTeX Error: Unicode character áș„ (U+1EA5)
               not set up for use with LaTeX.

See the LaTeX manual or LaTeX Companion for explanation.
Type  H <return>  for immediate help.
 ...                                              
                                                  
l.3 Há»c sinh/ sinh viĂȘn máș„
                               t Äi Äá»ng lá»±c khi Äá»i máș·t vá»i vi...

You may provide a definition with
\DeclareUnicodeCharacter 

Missing character: There is no t in font nullfont!

! LaTeX Error: Command \dj unavailable in encoding .

See the LaTeX manual or LaTeX Companion for explanation.
Type  H <return>  for immediate help.
 ...                                              
                                                  
l.3 Há»c sinh/ sinh viĂȘn máș„t Ä
                                   i Äá»ng lá»±c khi Äá»i máș·t vá»i vi...

Your command was ignored.
Type  I <command> <return>  to replace it with another command,
or  <return>  to continue without it.

Missing character: There is no i in font nullfont!

! LaTeX Error: Command \dj unavailable in encoding .

See the LaTeX manual or LaTeX Companion for explanation.
Type  H <return>  for immediate help.
 ...                                              
                                                  
l.3 Há»c sinh/ sinh viĂȘn máș„t Äi Ä
                                       á»ng lá»±c khi Äá»i máș·t vá»i vi...

Your command was ignored.
Type  I <command> <return>  to replace it with another command,
or  <return>  to continue without it.


! LaTeX Error: Unicode character á» (U+1ED9)
               not set up for use with LaTeX.

See the LaTeX manual or LaTeX Companion for explanation.
Type  H <return>  for immediate help.
 ...                                              
                                                  
l.3 Há»c sinh/ sinh viĂȘn máș„t Äi Äá»
                                          ng lá»±c khi Äá»i máș·t vá»i vi...

You may provide a definition with
\DeclareUnicodeCharacter 

Missing character: There is no n in font nullfont!
Missing character: There is no g in font nullfont!
Missing character: There is no l in font nullfont!

! LaTeX Error: Unicode character á»± (U+1EF1)
               not set up for use with LaTeX.

See the LaTeX manual or LaTeX Companion for explanation.
Type  H <return>  for immediate help.
 ...                                              
                                                  
l.3 Há»c sinh/ sinh viĂȘn máș„t Äi Äá»ng lá»±
                                                 c khi Äá»i máș·t vá»i vi...

You may provide a definition with
\DeclareUnicodeCharacter 

Missing character: There is no c in font nullfont!
Missing character: There is no k in font nullfont!
Missing character: There is no h in font nullfont!
Missing character: There is no i in font nullfont!

! LaTeX Error: Command \dj unavailable in encoding .

See the LaTeX manual or LaTeX Companion for explanation.
Type  H <return>  for immediate help.
 ...                                              
                                                  
l.3 .../ sinh viĂȘn máș„t Äi Äá»ng lá»±c khi Ä
                                                  á»i máș·t vá»i viá»c há...

Your command was ignored.
Type  I <command> <return>  to replace it with another command,
or  <return>  to continue without it.


! LaTeX Error: Unicode character á» (U+1ED1)
               not set up for use with LaTeX.

See the LaTeX manual or LaTeX Companion for explanation.
Type  H <return>  for immediate help.
 ...                                              
                                                  
l.3 ...inh viĂȘn máș„t Äi Äá»ng lá»±c khi Äá»
                                                  i máș·t vá»i viá»c há»c...

You may provide a definition with
\DeclareUnicodeCharacter 

Missing character: There is no i in font nullfont!
Missing character: There is no m in font nullfont!

! LaTeX Error: Unicode character áș· (U+1EB7)
               not set up for use with LaTeX.

See the LaTeX manual or LaTeX Companion for explanation.
Type  H <return>  for immediate help.
 ...                                              
                                                  
l.3 ...ĂȘn máș„t Äi Äá»ng lá»±c khi Äá»i máș·
                                                  t vá»i viá»c há»c cĂĄc ...

You may provide a definition with
\DeclareUnicodeCharacter 

Missing character: There is no t in font nullfont!
Missing character: There is no v in font nullfont!

! LaTeX Error: Unicode character á» (U+1EDB)
               not set up for use with LaTeX.

See the LaTeX manual or LaTeX Companion for explanation.
Type  H <return>  for immediate help.
 ...                                              
                                                  
l.3 ...ș„t Äi Äá»ng lá»±c khi Äá»i máș·t vá»
                                                  i viá»c há»c cĂĄc chÆ°ÆĄ...

You may provide a definition with
\DeclareUnicodeCharacter 

Missing character: There is no i in font nullfont!
Missing character: There is no v in font nullfont!
Missing character: There is no i in font nullfont!

! LaTeX Error: Unicode character á» (U+1EC7)
               not set up for use with LaTeX.

See the LaTeX manual or LaTeX Companion for explanation.
Type  H <return>  for immediate help.
 ...                                              
                                                  
l.3 ... Äá»ng lá»±c khi Äá»i máș·t vá»i viá»
                                                  c há»c cĂĄc chÆ°ÆĄng trĂŹ...

You may provide a definition with
\DeclareUnicodeCharacter 

Missing character: There is no c in font nullfont!
Missing character: There is no h in font nullfont!

! LaTeX Error: Unicode character á» (U+1ECD)
               not set up for use with LaTeX.

See the LaTeX manual or LaTeX Companion for explanation.
Type  H <return>  for immediate help.
 ...                                              
                                                  
l.3 ...ng lá»±c khi Äá»i máș·t vá»i viá»c há»
                                                  c cĂĄc chÆ°ÆĄng trĂŹnh ngá...

You may provide a definition with
\DeclareUnicodeCharacter 

Missing character: There is no c in font nullfont!
Missing character: There is no c in font nullfont!
Missing character: There is no c in font nullfont!
Missing character: There is no c in font nullfont!
Missing character: There is no h in font nullfont!

! LaTeX Error: Unicode character Æ° (U+01B0)
               not set up for use with LaTeX.

See the LaTeX manual or LaTeX Companion for explanation.
Type  H <return>  for immediate help.
 ...                                              
                                                  
l.3 ...i Äá»i máș·t vá»i viá»c há»c cĂĄc chÆ°
                                                  ÆĄng trĂŹnh ngá»Ż phĂĄp kh...

You may provide a definition with
\DeclareUnicodeCharacter 


! LaTeX Error: Unicode character ÆĄ (U+01A1)
               not set up for use with LaTeX.

See the LaTeX manual or LaTeX Companion for explanation.
Type  H <return>  for immediate help.
 ...                                              
                                                  
l.3 ...Äá»i máș·t vá»i viá»c há»c cĂĄc chÆ°ÆĄ
                                                  ng trĂŹnh ngá»Ż phĂĄp khĂŽ...

You may provide a definition with
\DeclareUnicodeCharacter 

Missing character: There is no n in font nullfont!
Missing character: There is no g in font nullfont!
Missing character: There is no t in font nullfont!
Missing character: There is no r in font nullfont!
Missing character: There is no n in font nullfont!
Missing character: There is no h in font nullfont!
Missing character: There is no n in font nullfont!
Missing character: There is no g in font nullfont!

! LaTeX Error: Unicode character á»Ż (U+1EEF)
               not set up for use with LaTeX.

See the LaTeX manual or LaTeX Companion for explanation.
Type  H <return>  for immediate help.
 ...                                              
                                                  
l.3 ...»i viá»c há»c cĂĄc chÆ°ÆĄng trĂŹnh ngá»Ż
                                                   phĂĄp khĂŽ khan, tá»« vá»...

You may provide a definition with
\DeclareUnicodeCharacter 

Missing character: There is no p in font nullfont!
Missing character: There is no h in font nullfont!
Missing character: There is no p in font nullfont!
Missing character: There is no k in font nullfont!
Missing character: There is no h in font nullfont!
Missing character: There is no k in font nullfont!
Missing character: There is no h in font nullfont!
Missing character: There is no a in font nullfont!
Missing character: There is no n in font nullfont!
Missing character: There is no , in font nullfont!
Missing character: There is no t in font nullfont!

! LaTeX Error: Unicode character á»« (U+1EEB)
               not set up for use with LaTeX.

See the LaTeX manual or LaTeX Companion for explanation.
Type  H <return>  for immediate help.
 ...                                              
                                                  
l.3 ...chÆ°ÆĄng trĂŹnh ngá»Ż phĂĄp khĂŽ khan, tá»«
                                                   vá»±ng khĂł nhá», dáș«n ...

You may provide a definition with
\DeclareUnicodeCharacter 

Missing character: There is no v in font nullfont!

! LaTeX Error: Unicode character á»± (U+1EF1)
               not set up for use with LaTeX.

See the LaTeX manual or LaTeX Companion for explanation.
Type  H <return>  for immediate help.
 ...                                              
                                                  
l.3 ...Ąng trĂŹnh ngá»Ż phĂĄp khĂŽ khan, tá»« vá»±
                                                  ng khĂł nhá», dáș«n Äáșż...

You may provide a definition with
\DeclareUnicodeCharacter 

Missing character: There is no n in font nullfont!
Missing character: There is no g in font nullfont!
Missing character: There is no k in font nullfont!
Missing character: There is no h in font nullfont!
Missing character: There is no n in font nullfont!
Missing character: There is no h in font nullfont!

! LaTeX Error: Unicode character á» (U+1EDB)
               not set up for use with LaTeX.

See the LaTeX manual or LaTeX Companion for explanation.
Type  H <return>  for immediate help.
 ...                                              
                                                  
l.3 ...á»Ż phĂĄp khĂŽ khan, tá»« vá»±ng khĂł nhá»
                                                  , dáș«n Äáșżn thiáșżu á»©...

You may provide a definition with
\DeclareUnicodeCharacter 

Missing character: There is no , in font nullfont!
Missing character: There is no d in font nullfont!

! LaTeX Error: Unicode character áș« (U+1EAB)
               not set up for use with LaTeX.

See the LaTeX manual or LaTeX Companion for explanation.
Type  H <return>  for immediate help.
 ...                                              
                                                  
l.3 ...ĂĄp khĂŽ khan, tá»« vá»±ng khĂł nhá», dáș«
                                                  n Äáșżn thiáșżu á»©ng dá»...

You may provide a definition with
\DeclareUnicodeCharacter 

Missing character: There is no n in font nullfont!

! LaTeX Error: Command \dj unavailable in encoding .

See the LaTeX manual or LaTeX Companion for explanation.
Type  H <return>  for immediate help.
 ...                                              
                                                  
l.3 ...khĂŽ khan, tá»« vá»±ng khĂł nhá», dáș«n Ä
                                                  áșżn thiáșżu á»©ng dá»„ng ...

Your command was ignored.
Type  I <command> <return>  to replace it with another command,
or  <return>  to continue without it.


! LaTeX Error: Unicode character áșż (U+1EBF)
               not set up for use with LaTeX.

See the LaTeX manual or LaTeX Companion for explanation.
Type  H <return>  for immediate help.
 ...                                              
                                                  
l.3 ...Ž khan, tá»« vá»±ng khĂł nhá», dáș«n Äáșż
                                                  n thiáșżu á»©ng dá»„ng vĂ ...

You may provide a definition with
\DeclareUnicodeCharacter 

Missing character: There is no n in font nullfont!
Missing character: There is no t in font nullfont!
Missing character: There is no h in font nullfont!
Missing character: There is no i in font nullfont!

! LaTeX Error: Unicode character áșż (U+1EBF)
               not set up for use with LaTeX.

See the LaTeX manual or LaTeX Companion for explanation.
Type  H <return>  for immediate help.
 ...                                              
                                                  
l.3 ...tá»« vá»±ng khĂł nhá», dáș«n Äáșżn thiáșż
                                                  u á»©ng dá»„ng vĂ  kĂ©m ti...

You may provide a definition with
\DeclareUnicodeCharacter 

Missing character: There is no u in font nullfont!

! LaTeX Error: Unicode character á»© (U+1EE9)
               not set up for use with LaTeX.

See the LaTeX manual or LaTeX Companion for explanation.
Type  H <return>  for immediate help.
 ...                                              
                                                  
l.3 ...vá»±ng khĂł nhá», dáș«n Äáșżn thiáșżu á»©
                                                  ng dá»„ng vĂ  kĂ©m tiáșżn ...

You may provide a definition with
\DeclareUnicodeCharacter 

Missing character: There is no n in font nullfont!
Missing character: There is no g in font nullfont!
Missing character: There is no d in font nullfont!

! LaTeX Error: Unicode character á»„ (U+1EE5)
               not set up for use with LaTeX.

See the LaTeX manual or LaTeX Companion for explanation.
Type  H <return>  for immediate help.
 ...                                              
                                                  
l.3 ...khĂł nhá», dáș«n Äáșżn thiáșżu á»©ng dá»„
                                                  ng vĂ  kĂ©m tiáșżn bá» tr...

You may provide a definition with
\DeclareUnicodeCharacter 

Missing character: There is no n in font nullfont!
Missing character: There is no g in font nullfont!
Missing character: There is no v in font nullfont!
Missing character: There is no k in font nullfont!
Missing character: There is no m in font nullfont!
Missing character: There is no t in font nullfont!
Missing character: There is no i in font nullfont!

! LaTeX Error: Unicode character áșż (U+1EBF)
               not set up for use with LaTeX.

See the LaTeX manual or LaTeX Companion for explanation.
Type  H <return>  for immediate help.
 ...                                              
                                                  
l.3 ... Äáșżn thiáșżu á»©ng dá»„ng vĂ  kĂ©m tiáșż
                                                  n bá» trong quĂĄ trĂŹnh h...

You may provide a definition with
\DeclareUnicodeCharacter 

Missing character: There is no n in font nullfont!
Missing character: There is no b in font nullfont!

! LaTeX Error: Unicode character á» (U+1ED9)
               not set up for use with LaTeX.

See the LaTeX manual or LaTeX Companion for explanation.
Type  H <return>  for immediate help.
 ...                                              
                                                  
l.3 ...n thiáșżu á»©ng dá»„ng vĂ  kĂ©m tiáșżn bá»
                                                   trong quĂĄ trĂŹnh há»c n...

You may provide a definition with
\DeclareUnicodeCharacter 

Missing character: There is no t in font nullfont!
Missing character: There is no r in font nullfont!
Missing character: There is no o in font nullfont!
Missing character: There is no n in font nullfont!
Missing character: There is no g in font nullfont!
Missing character: There is no q in font nullfont!
Missing character: There is no u in font nullfont!
Missing character: There is no t in font nullfont!
Missing character: There is no r in font nullfont!
Missing character: There is no n in font nullfont!
Missing character: There is no h in font nullfont!
Missing character: There is no h in font nullfont!

! LaTeX Error: Unicode character á» (U+1ECD)
               not set up for use with LaTeX.

See the LaTeX manual or LaTeX Companion for explanation.
Type  H <return>  for immediate help.
 ...                                              
                                                  
l.3 ...vĂ  kĂ©m tiáșżn bá» trong quĂĄ trĂŹnh há»
                                                  c ngĂŽn ngá»Ż; vĂŹ váș­y c...

You may provide a definition with
\DeclareUnicodeCharacter 

Missing character: There is no c in font nullfont!
Missing character: There is no n in font nullfont!
Missing character: There is no g in font nullfont!
Missing character: There is no n in font nullfont!
Missing character: There is no n in font nullfont!
Missing character: There is no g in font nullfont!

! LaTeX Error: Unicode character á»Ż (U+1EEF)
               not set up for use with LaTeX.

See the LaTeX manual or LaTeX Companion for explanation.
Type  H <return>  for immediate help.
 ...                                              
                                                  
l.3 ...żn bá» trong quĂĄ trĂŹnh há»c ngĂŽn ngá»Ż
                                                  ; vĂŹ váș­y cáș§n 1 há» t...

You may provide a definition with
\DeclareUnicodeCharacter 

Missing character: There is no ; in font nullfont!
Missing character: There is no v in font nullfont!
Missing character: There is no v in font nullfont!

! LaTeX Error: Unicode character áș­ (U+1EAD)
               not set up for use with LaTeX.

See the LaTeX manual or LaTeX Companion for explanation.
Type  H <return>  for immediate help.
 ...                                              
                                                  
l.3 ...ong quĂĄ trĂŹnh há»c ngĂŽn ngá»Ż; vĂŹ váș­
                                                  y cáș§n 1 há» thá»ng RPG...

You may provide a definition with
\DeclareUnicodeCharacter 

Missing character: There is no y in font nullfont!
Missing character: There is no c in font nullfont!

! LaTeX Error: Unicode character áș§ (U+1EA7)
               not set up for use with LaTeX.

See the LaTeX manual or LaTeX Companion for explanation.
Type  H <return>  for immediate help.
 ...                                              
                                                  
l.3 ...ĂĄ trĂŹnh há»c ngĂŽn ngá»Ż; vĂŹ váș­y cáș§
                                                  n 1 há» thá»ng RPG tĂ­ch...

You may provide a definition with
\DeclareUnicodeCharacter 

Missing character: There is no n in font nullfont!
Missing character: There is no 1 in font nullfont!
Missing character: There is no h in font nullfont!

! LaTeX Error: Unicode character á» (U+1EC7)
               not set up for use with LaTeX.

See the LaTeX manual or LaTeX Companion for explanation.
Type  H <return>  for immediate help.
 ...                                              
                                                  
l.3 ...h há»c ngĂŽn ngá»Ż; vĂŹ váș­y cáș§n 1 há»
                                                   thá»ng RPG tĂ­ch há»Łp A...

You may provide a definition with
\DeclareUnicodeCharacter 

Missing character: There is no t in font nullfont!
Missing character: There is no h in font nullfont!

! LaTeX Error: Unicode character á» (U+1ED1)
               not set up for use with LaTeX.

See the LaTeX manual or LaTeX Companion for explanation.
Type  H <return>  for immediate help.
 ...                                              
                                                  
l.3 ...c ngĂŽn ngá»Ż; vĂŹ váș­y cáș§n 1 há» thá»
                                                  ng RPG tĂ­ch há»Łp AI Äá»...

You may provide a definition with
\DeclareUnicodeCharacter 

Missing character: There is no n in font nullfont!
Missing character: There is no g in font nullfont!
Missing character: There is no R in font nullfont!
Missing character: There is no P in font nullfont!
Missing character: There is no G in font nullfont!
Missing character: There is no t in font nullfont!
Missing character: There is no c in font nullfont!
Missing character: There is no h in font nullfont!
Missing character: There is no h in font nullfont!

! LaTeX Error: Unicode character á»Ł (U+1EE3)
               not set up for use with LaTeX.

See the LaTeX manual or LaTeX Companion for explanation.
Type  H <return>  for immediate help.
 ...                                              
                                                  
l.3 ...Ź váș­y cáș§n 1 há» thá»ng RPG tĂ­ch há»Ł
                                                  p AI Äá» biáșżn quĂĄ trĂ...

You may provide a definition with
\DeclareUnicodeCharacter 

Missing character: There is no p in font nullfont!
Missing character: There is no A in font nullfont!
Missing character: There is no I in font nullfont!

! LaTeX Error: Command \dj unavailable in encoding .

See the LaTeX manual or LaTeX Companion for explanation.
Type  H <return>  for immediate help.
 ...                                              
                                                  
l.3 ... cáș§n 1 há» thá»ng RPG tĂ­ch há»Łp AI Ä
                                                  á» biáșżn quĂĄ trĂŹnh há»...

Your command was ignored.
Type  I <command> <return>  to replace it with another command,
or  <return>  to continue without it.


! LaTeX Error: Unicode character á» (U+1EC3)
               not set up for use with LaTeX.

See the LaTeX manual or LaTeX Companion for explanation.
Type  H <return>  for immediate help.
 ...                                              
                                                  
l.3 ...ș§n 1 há» thá»ng RPG tĂ­ch há»Łp AI Äá»
                                                   biáșżn quĂĄ trĂŹnh há»c ...

You may provide a definition with
\DeclareUnicodeCharacter 

Missing character: There is no b in font nullfont!
Missing character: There is no i in font nullfont!

! LaTeX Error: Unicode character áșż (U+1EBF)
               not set up for use with LaTeX.

See the LaTeX manual or LaTeX Companion for explanation.
Type  H <return>  for immediate help.
 ...                                              
                                                  
l.3 ...há» thá»ng RPG tĂ­ch há»Łp AI Äá» biáșż
                                                  n quĂĄ trĂŹnh há»c tiáșżn...

You may provide a definition with
\DeclareUnicodeCharacter 

Missing character: There is no n in font nullfont!
Missing character: There is no q in font nullfont!
Missing character: There is no u in font nullfont!
Missing character: There is no t in font nullfont!
Missing character: There is no r in font nullfont!
Missing character: There is no n in font nullfont!
Missing character: There is no h in font nullfont!
Missing character: There is no h in font nullfont!

! LaTeX Error: Unicode character á» (U+1ECD)
               not set up for use with LaTeX.

See the LaTeX manual or LaTeX Companion for explanation.
Type  H <return>  for immediate help.
 ...                                              
                                                  
l.3 ...Ă­ch há»Łp AI Äá» biáșżn quĂĄ trĂŹnh há»
                                                  c tiáșżng Anh nhÆ° má»t t...

You may provide a definition with
\DeclareUnicodeCharacter 

Missing character: There is no c in font nullfont!
Missing character: There is no t in font nullfont!
Missing character: There is no i in font nullfont!

! LaTeX Error: Unicode character áșż (U+1EBF)
               not set up for use with LaTeX.

See the LaTeX manual or LaTeX Companion for explanation.
Type  H <return>  for immediate help.
 ...                                              
                                                  
l.3 ...»Łp AI Äá» biáșżn quĂĄ trĂŹnh há»c tiáșż
                                                  ng Anh nhÆ° má»t trĂČ chÆ...

You may provide a definition with
\DeclareUnicodeCharacter 

Missing character: There is no n in font nullfont!
Missing character: There is no g in font nullfont!
Missing character: There is no A in font nullfont!
Missing character: There is no n in font nullfont!
Missing character: There is no h in font nullfont!
Missing character: There is no n in font nullfont!
Missing character: There is no h in font nullfont!

! LaTeX Error: Unicode character Æ° (U+01B0)
               not set up for use with LaTeX.

See the LaTeX manual or LaTeX Companion for explanation.
Type  H <return>  for immediate help.
 ...                                              
                                                  
l.3 ... biáșżn quĂĄ trĂŹnh há»c tiáșżng Anh nhÆ°
                                                   má»t trĂČ chÆĄi giáșŁi t...

You may provide a definition with
\DeclareUnicodeCharacter 

Missing character: There is no m in font nullfont!

! LaTeX Error: Unicode character á» (U+1ED9)
               not set up for use with LaTeX.

See the LaTeX manual or LaTeX Companion for explanation.
Type  H <return>  for immediate help.
 ...                                              
                                                  
l.3 ...șżn quĂĄ trĂŹnh há»c tiáșżng Anh nhÆ° má»
                                                  t trĂČ chÆĄi giáșŁi trĂ­, ...

You may provide a definition with
\DeclareUnicodeCharacter 

Missing character: There is no t in font nullfont!
Missing character: There is no t in font nullfont!
Missing character: There is no r in font nullfont!
Missing character: There is no c in font nullfont!
Missing character: There is no h in font nullfont!

! LaTeX Error: Unicode character ÆĄ (U+01A1)
               not set up for use with LaTeX.

See the LaTeX manual or LaTeX Companion for explanation.
Type  H <return>  for immediate help.
 ...                                              
                                                  
l.3 ...ĂŹnh há»c tiáșżng Anh nhÆ° má»t trĂČ chÆĄ
                                                  i giáșŁi trĂ­, giĂșp tÄng...

You may provide a definition with
\DeclareUnicodeCharacter 

Missing character: There is no i in font nullfont!
Missing character: There is no g in font nullfont!
Missing character: There is no i in font nullfont!

! LaTeX Error: Unicode character áșŁ (U+1EA3)
               not set up for use with LaTeX.

See the LaTeX manual or LaTeX Companion for explanation.
Type  H <return>  for immediate help.
 ...                                              
                                                  
l.3 ...»c tiáșżng Anh nhÆ° má»t trĂČ chÆĄi giáșŁ
                                                  i trĂ­, giĂșp tÄng sá»± h...

You may provide a definition with
\DeclareUnicodeCharacter 

Missing character: There is no i in font nullfont!
Missing character: There is no t in font nullfont!
Missing character: There is no r in font nullfont!
Missing character: There is no , in font nullfont!
Missing character: There is no g in font nullfont!
Missing character: There is no i in font nullfont!
Missing character: There is no p in font nullfont!
Missing character: There is no t in font nullfont!
Missing character: There is no n in font nullfont!
Missing character: There is no g in font nullfont!
Missing character: There is no s in font nullfont!

! LaTeX Error: Unicode character á»± (U+1EF1)
               not set up for use with LaTeX.

See the LaTeX manual or LaTeX Companion for explanation.
Type  H <return>  for immediate help.
 ...                                              
                                                  
l.3 ...t trĂČ chÆĄi giáșŁi trĂ­, giĂșp tÄng sá»±
                                                   há»©ng thĂș vĂ  ghi nhá»...

You may provide a definition with
\DeclareUnicodeCharacter 

Missing character: There is no h in font nullfont!

! LaTeX Error: Unicode character á»© (U+1EE9)
               not set up for use with LaTeX.

See the LaTeX manual or LaTeX Companion for explanation.
Type  H <return>  for immediate help.
 ...                                              
                                                  
l.3 ...ĂČ chÆĄi giáșŁi trĂ­, giĂșp tÄng sá»± há»©
                                                  ng thĂș vĂ  ghi nhá» dĂ i...

You may provide a definition with
\DeclareUnicodeCharacter 

Missing character: There is no n in font nullfont!
Missing character: There is no g in font nullfont!
Missing character: There is no t in font nullfont!
Missing character: There is no h in font nullfont!
Missing character: There is no v in font nullfont!
Missing character: There is no g in font nullfont!
Missing character: There is no h in font nullfont!
Missing character: There is no i in font nullfont!
Missing character: There is no n in font nullfont!
Missing character: There is no h in font nullfont!

! LaTeX Error: Unicode character á» (U+1EDB)
               not set up for use with LaTeX.

See the LaTeX manual or LaTeX Companion for explanation.
Type  H <return>  for immediate help.
 ...                                              
                                                  
l.3 ... giĂșp tÄng sá»± há»©ng thĂș vĂ  ghi nhá»
                                                   dĂ i háșĄn thĂŽng qua tÆ°...

You may provide a definition with
\DeclareUnicodeCharacter 

Missing character: There is no d in font nullfont!
Missing character: There is no i in font nullfont!
Missing character: There is no h in font nullfont!

! LaTeX Error: Unicode character áșĄ (U+1EA1)
               not set up for use with LaTeX.

See the LaTeX manual or LaTeX Companion for explanation.
Type  H <return>  for immediate help.
 ...                                              
                                                  
l.3 ...ng sá»± há»©ng thĂș vĂ  ghi nhá» dĂ i háșĄ
                                                  n thĂŽng qua tÆ°ÆĄng tĂĄc ...

You may provide a definition with
\DeclareUnicodeCharacter 

Missing character: There is no n in font nullfont!
Missing character: There is no t in font nullfont!
Missing character: There is no h in font nullfont!
Missing character: There is no n in font nullfont!
Missing character: There is no g in font nullfont!
Missing character: There is no q in font nullfont!
Missing character: There is no u in font nullfont!
Missing character: There is no a in font nullfont!
Missing character: There is no t in font nullfont!

! LaTeX Error: Unicode character Æ° (U+01B0)
               not set up for use with LaTeX.

See the LaTeX manual or LaTeX Companion for explanation.
Type  H <return>  for immediate help.
 ...                                              
                                                  
l.3 ...hĂș vĂ  ghi nhá» dĂ i háșĄn thĂŽng qua tÆ°
                                                  ÆĄng tĂĄc cá»t truyá»n.
You may provide a definition with
\DeclareUnicodeCharacter 


! LaTeX Error: Unicode character ÆĄ (U+01A1)
               not set up for use with LaTeX.

See the LaTeX manual or LaTeX Companion for explanation.
Type  H <return>  for immediate help.
 ...                                              
                                                  
l.3 ...ș vĂ  ghi nhá» dĂ i háșĄn thĂŽng qua tÆ°ÆĄ
                                                  ng tĂĄc cá»t truyá»n.
You may provide a definition with
\DeclareUnicodeCharacter 

Missing character: There is no n in font nullfont!
Missing character: There is no g in font nullfont!
Missing character: There is no t in font nullfont!
Missing character: There is no c in font nullfont!
Missing character: There is no c in font nullfont!

! LaTeX Error: Unicode character á» (U+1ED1)
               not set up for use with LaTeX.

See the LaTeX manual or LaTeX Companion for explanation.
Type  H <return>  for immediate help.
 ...                                              
                                                  
l.3 ...á» dĂ i háșĄn thĂŽng qua tÆ°ÆĄng tĂĄc cá»
                                                  t truyá»n.
You may provide a definition with
\DeclareUnicodeCharacter 

Missing character: There is no t in font nullfont!
Missing character: There is no t in font nullfont!
Missing character: There is no r in font nullfont!
Missing character: There is no u in font nullfont!
Missing character: There is no y in font nullfont!

! LaTeX Error: Unicode character á» (U+1EC7)
               not set up for use with LaTeX.

See the LaTeX manual or LaTeX Companion for explanation.
Type  H <return>  for immediate help.
 ...                                              
                                                  
l.3 ...háșĄn thĂŽng qua tÆ°ÆĄng tĂĄc cá»t truyá»
                                                  n.
You may provide a definition with
\DeclareUnicodeCharacter 

Missing character: There is no n in font nullfont!
Missing character: There is no . in font nullfont!
)
! Emergency stop.
<*> ./section3.tex
                  
*** (job aborted, no legal \end found)

 
Here is how much of TeX's memory you used:
 57 strings out of 467871
 710 string characters out of 5418376
 433733 words of memory out of 5000000
 29036 multiletter control sequences out of 15000+600000
 627721 words of font info for 40 fonts, out of 8000000 for 9000
 1141 hyphenation exceptions out of 8191
 23i,1n,32p,508b,96s stack positions out of 10000i,1000n,20000p,200000b,200000s
!  ==> Fatal error occurred, no output PDF file produced!
